0 info it worked if it ends with ok
1 verbose cli [ '/usr/local/bin/node', '/usr/local/bin/npm', 'publish' ]
2 info using npm@2.11.2
3 info using node@v0.12.5
4 verbose publish [ '.' ]
5 silly cache add args [ '.', null ]
6 verbose cache add spec .
7 silly cache add parsed spec { raw: '.',
7 silly cache add   scope: null,
7 silly cache add   name: null,
7 silly cache add   rawSpec: '.',
7 silly cache add   spec: '/Users/j.huang/code/ast-utils-esprima',
7 silly cache add   type: 'directory' }
8 verbose addLocalDirectory /Users/j.huang/.npm/ast-utils-esprima/0.1.1/package.tgz not in flight; packing
9 verbose tar pack [ '/Users/j.huang/.npm/ast-utils-esprima/0.1.1/package.tgz',
9 verbose tar pack   '/Users/j.huang/code/ast-utils-esprima' ]
10 verbose tarball /Users/j.huang/.npm/ast-utils-esprima/0.1.1/package.tgz
11 verbose folder /Users/j.huang/code/ast-utils-esprima
12 info prepublish ast-utils-esprima@0.1.1
13 verbose addLocalTarball adding from inside cache /Users/j.huang/.npm/ast-utils-esprima/0.1.1/package.tgz
14 silly cache afterAdd ast-utils-esprima@0.1.1
15 verbose afterAdd /Users/j.huang/.npm/ast-utils-esprima/0.1.1/package/package.json not in flight; writing
16 verbose afterAdd /Users/j.huang/.npm/ast-utils-esprima/0.1.1/package/package.json written
17 silly publish { name: 'ast-utils-esprima',
17 silly publish   version: '0.1.1',
17 silly publish   description: 'functional utilities for parsing esprima ASTs',
17 silly publish   main: 'dist/index.js',
17 silly publish   scripts:
17 silly publish    { install: 'npm run build',
17 silly publish      build: 'babel utils/ --out-dir dist/',
17 silly publish      test: 'echo "Error: no test specified" && exit 1' },
17 silly publish   keywords: [ 'esprima', 'webpack', 'jsx', 'loader', 'ast', 'ramda' ],
17 silly publish   author:
17 silly publish    { name: 'Jonathan Huang',
17 silly publish      email: 'jonathan.huang@dailymotion.com' },
17 silly publish   license: 'MIT',
17 silly publish   dependencies:
17 silly publish    { babel: '^5.8.23',
17 silly publish      'babel-core': '^5.8.25',
17 silly publish      'babel-loader': '^5.3.2',
17 silly publish      'esprima-fb': '^15001.1001.0-dev-harmony-fb',
17 silly publish      ramda: '^0.17.1',
17 silly publish      react: '^0.13.3',
17 silly publish      webpack: '^1.12.2' },
17 silly publish   devDependencies: { gulp: '^3.9.0' },
17 silly publish   readme: '# ast-utils-esprima\n\nA utility library for parsing Esprima AST\'s. Written and intended to be used in a functional programming style. \n\n## Getting Started\n\n```\nnpm start\n```',
17 silly publish   readmeFilename: 'README.md',
17 silly publish   gitHead: '52fb229bd3f17aaf7bc4215c3c49111b5fa5870c',
17 silly publish   _id: 'ast-utils-esprima@0.1.1',
17 silly publish   _shasum: '0df3a863f4e1c1a8fc63c089f47d8cd2b0ff8317',
17 silly publish   _from: '.' }
18 verbose getPublishConfig undefined
19 silly mapToRegistry name ast-utils-esprima
20 silly mapToRegistry using default registry
21 silly mapToRegistry registry https://registry.npmjs.org/
22 silly mapToRegistry uri https://registry.npmjs.org/ast-utils-esprima
23 verbose publish registryBase https://registry.npmjs.org/
24 silly publish uploading /Users/j.huang/.npm/ast-utils-esprima/0.1.1/package.tgz
25 verbose request uri https://registry.npmjs.org/ast-utils-esprima
26 verbose request sending authorization for write operation
27 info attempt registry request try #1 at 11:25:04 PM
28 verbose request using bearer token for auth
29 verbose request id de5a98881f4908a1
30 http request PUT https://registry.npmjs.org/ast-utils-esprima
31 http 403 https://registry.npmjs.org/ast-utils-esprima
32 verbose headers { 'content-type': 'application/json',
32 verbose headers   'cache-control': 'max-age=60',
32 verbose headers   'content-length': '95',
32 verbose headers   'accept-ranges': 'bytes',
32 verbose headers   date: 'Sat, 10 Oct 2015 06:25:06 GMT',
32 verbose headers   via: '1.1 varnish',
32 verbose headers   connection: 'keep-alive',
32 verbose headers   'x-served-by': 'cache-lax1430-LAX',
32 verbose headers   'x-cache': 'MISS',
32 verbose headers   'x-cache-hits': '0',
32 verbose headers   'x-timer': 'S1444458306.332033,VS0,VE644' }
33 verbose request invalidating /Users/j.huang/.npm/registry.npmjs.org/ast-utils-esprima on PUT
34 error publish Failed PUT 403
35 verbose stack Error: "You cannot publish over the previously published version 0.1.1." : ast-utils-esprima
35 verbose stack     at CachingRegistryClient.<anonymous> (/usr/local/lib/node_modules/npm/node_modules/npm-registry-client/lib/request.js:247:14)
35 verbose stack     at Request._callback (/usr/local/lib/node_modules/npm/node_modules/npm-registry-client/lib/request.js:170:14)
35 verbose stack     at Request.self.callback (/usr/local/lib/node_modules/npm/node_modules/request/request.js:354:22)
35 verbose stack     at Request.emit (events.js:110:17)
35 verbose stack     at Request.<anonymous> (/usr/local/lib/node_modules/npm/node_modules/request/request.js:1207:14)
35 verbose stack     at Request.emit (events.js:129:20)
35 verbose stack     at IncomingMessage.<anonymous> (/usr/local/lib/node_modules/npm/node_modules/request/request.js:1153:12)
35 verbose stack     at IncomingMessage.emit (events.js:129:20)
35 verbose stack     at _stream_readable.js:908:16
35 verbose stack     at process._tickCallback (node.js:355:11)
36 verbose statusCode 403
37 verbose pkgid ast-utils-esprima
38 verbose cwd /Users/j.huang/code/ast-utils-esprima
39 error Darwin 15.0.0
40 error argv "/usr/local/bin/node" "/usr/local/bin/npm" "publish"
41 error node v0.12.5
42 error npm  v2.11.2
43 error code E403
44 error "You cannot publish over the previously published version 0.1.1." : ast-utils-esprima
45 error If you need help, you may report this error at:
45 error     <https://github.com/npm/npm/issues>
46 verbose exit [ 1, true ]
